{"message":"debug info","level":"\u001b[34mdebug\u001b[39m","timestamp":"2019-130-30 17:44:59"}
{"message":"logger info","level":"\u001b[32minfo\u001b[39m","timestamp":"2019-130-30 17:44:59"}
{"message":"logger info","level":"\u001b[31merror\u001b[39m","timestamp":"2019-130-30 17:44:59"}
{"message":"Mongodb Connected Succesfully","level":"\u001b[32minfo\u001b[39m","timestamp":"2019-130-30 17:44:59"}
{"message":"debug info","level":"\u001b[34mdebug\u001b[39m","timestamp":"2019-130-30 17:45:06"}
{"message":"logger info","level":"\u001b[32minfo\u001b[39m","timestamp":"2019-130-30 17:45:06"}
{"message":"logger info","level":"\u001b[31merror\u001b[39m","timestamp":"2019-130-30 17:45:06"}
{"message":"Mongodb Connected Succesfully","level":"\u001b[32minfo\u001b[39m","timestamp":"2019-130-30 17:45:06"}
{"message":"debug info","level":"\u001b[34mdebug\u001b[39m","timestamp":"2019-130-30 17:46:08"}
{"message":"logger info","level":"\u001b[32minfo\u001b[39m","timestamp":"2019-130-30 17:46:08"}
{"message":"logger info","level":"\u001b[31merror\u001b[39m","timestamp":"2019-130-30 17:46:08"}
{"message":"Mongodb Connected Succesfully","level":"\u001b[32minfo\u001b[39m","timestamp":"2019-130-30 17:46:09"}
{"message":"debug info","level":"\u001b[34mdebug\u001b[39m","timestamp":"2019-130-30 17:46:39"}
{"message":"logger info","level":"\u001b[32minfo\u001b[39m","timestamp":"2019-130-30 17:46:39"}
{"message":"logger info","level":"\u001b[31merror\u001b[39m","timestamp":"2019-130-30 17:46:39"}
{"message":"Mongodb Connected Succesfully","level":"\u001b[32minfo\u001b[39m","timestamp":"2019-130-30 17:46:39"}
{"message":"debug info","level":"\u001b[34mdebug\u001b[39m","timestamp":"2019-130-30 17:46:46"}
{"message":"logger info","level":"\u001b[32minfo\u001b[39m","timestamp":"2019-130-30 17:46:46"}
{"message":"logger info","level":"\u001b[31merror\u001b[39m","timestamp":"2019-130-30 17:46:46"}
{"message":"Mongodb Connected Succesfully","level":"\u001b[32minfo\u001b[39m","timestamp":"2019-130-30 17:46:47"}
{"message":"debug info","level":"\u001b[34mdebug\u001b[39m","timestamp":"2019-130-30 17:47:00"}
{"message":"logger info","level":"\u001b[32minfo\u001b[39m","timestamp":"2019-130-30 17:47:00"}
{"message":"logger info","level":"\u001b[31merror\u001b[39m","timestamp":"2019-130-30 17:47:00"}
{"message":"Mongodb Connected Succesfully","level":"\u001b[32minfo\u001b[39m","timestamp":"2019-130-30 17:47:00"}
{"message":"Hello world","level":"info","timestamp":"2019-130-30 17:48:56"}
{"message":"Warning message","level":"warn","timestamp":"2019-130-30 17:48:56"}
{"message":"Debugging info","level":"debug","timestamp":"2019-130-30 17:48:56"}
{"message":"Mongodb Connected Succesfully","level":"info","timestamp":"2019-130-30 17:48:57"}
{"message":"debug info","level":"debug","timestamp":"2019-130-30 17:49:39"}
{"message":"logger info","level":"info","timestamp":"2019-130-30 17:49:39"}
{"message":"logger info","level":"error","timestamp":"2019-130-30 17:49:39"}
{"message":"Hello world","level":"info","timestamp":"2019-130-30 17:49:39"}
{"message":"Warning message","level":"warn","timestamp":"2019-130-30 17:49:39"}
{"message":"Debugging info","level":"debug","timestamp":"2019-130-30 17:49:39"}
{"message":"Mongodb Connected Succesfully","level":"info","timestamp":"2019-130-30 17:49:39"}
{"message":"Hello world","level":"info","timestamp":"2019-130-30 17:50:01"}
{"message":"Warning message","level":"warn","timestamp":"2019-130-30 17:50:01"}
{"message":"Debugging info","level":"debug","timestamp":"2019-130-30 17:50:01"}
{"message":"Mongodb Connected Succesfully","level":"info","timestamp":"2019-130-30 17:50:01"}
{"message":"Hello world","level":"info","timestamp":"2019-130-30 17:59:21"}
{"message":"Warning message","level":"warn","timestamp":"2019-130-30 17:59:21"}
{"message":"Debugging info","level":"debug","timestamp":"2019-130-30 17:59:21"}
{"message":"Mongodb Connected Succesfully","level":"info","timestamp":"2019-130-30 17:59:22"}
{"message":"Hello world","level":"info","timestamp":"2019-130-30 17:59:40"}
{"message":"Warning message","level":"warn","timestamp":"2019-130-30 17:59:40"}
{"message":"Debugging info","level":"debug","timestamp":"2019-130-30 17:59:40"}
{"message":"Mongodb Connected Succesfully","level":"info","timestamp":"2019-130-30 17:59:40"}
{"message":"Hello world","level":"info","timestamp":"2019-130-30 18:03:26"}
{"message":"Warning message","level":"warn","timestamp":"2019-130-30 18:03:26"}
{"message":"Debugging info","level":"debug","timestamp":"2019-130-30 18:03:26"}
{"message":"Mongodb Connected Succesfully","level":"info","timestamp":"2019-130-30 18:03:27"}
2019-130-30 18:07:19 info: Hello world
2019-130-30 18:07:19 warn: Warning message
2019-130-30 18:07:19 debug: Debugging info
2019-130-30 18:07:20 info: Mongodb Connected Succesfully
{"message":"Hello world","level":"info","timestamp":"2019-130-30 18:07:35"}
{"message":"Warning message","level":"warn","timestamp":"2019-130-30 18:07:35"}
{"message":"Debugging info","level":"debug","timestamp":"2019-130-30 18:07:35"}
{"message":"Mongodb Connected Succesfully","level":"info","timestamp":"2019-130-30 18:07:35"}
